{"/home/tiwari/Downloads/Work Space/Namaste React/learn-react-by-namaste/src/components/Contact.js": {"path":"/home/tiwari/Downloads/Work Space/Namaste React/learn-react-by-namaste/src/components/Contact.js","statementMap":{"0":{"start":{"line":3,"column":16},"end":{"line":72,"column":1}},"1":{"start":{"line":4,"column":36},"end":{"line":8,"column":6}},"2":{"start":{"line":9,"column":42},"end":{"line":9,"column":57}},"3":{"start":{"line":11,"column":25},"end":{"line":16,"column":5}},"4":{"start":{"line":12,"column":8},"end":{"line":15,"column":11}},"5":{"start":{"line":18,"column":25},"end":{"line":31,"column":5}},"6":{"start":{"line":19,"column":8},"end":{"line":19,"column":27}},"7":{"start":{"line":21,"column":8},"end":{"line":21,"column":50}},"8":{"start":{"line":22,"column":8},"end":{"line":22,"column":58}},"9":{"start":{"line":25,"column":8},"end":{"line":25,"column":29}},"10":{"start":{"line":28,"column":8},"end":{"line":30,"column":17}},"11":{"start":{"line":29,"column":12},"end":{"line":29,"column":34}},"12":{"start":{"line":33,"column":4},"end":{"line":71,"column":6}}},"fnMap":{"0":{"name":"(anonymous_0)","decl":{"start":{"line":3,"column":16},"end":{"line":3,"column":17}},"loc":{"start":{"line":3,"column":22},"end":{"line":72,"column":1}},"line":3},"1":{"name":"(anonymous_1)","decl":{"start":{"line":11,"column":25},"end":{"line":11,"column":26}},"loc":{"start":{"line":11,"column":32},"end":{"line":16,"column":5}},"line":11},"2":{"name":"(anonymous_2)","decl":{"start":{"line":18,"column":25},"end":{"line":18,"column":26}},"loc":{"start":{"line":18,"column":32},"end":{"line":31,"column":5}},"line":18},"3":{"name":"(anonymous_3)","decl":{"start":{"line":28,"column":19},"end":{"line":28,"column":20}},"loc":{"start":{"line":28,"column":25},"end":{"line":30,"column":9}},"line":28}},"branchMap":{"0":{"loc":{"start":{"line":36,"column":13},"end":{"line":36,"column":78}},"type":"binary-expr","locations":[{"start":{"line":36,"column":13},"end":{"line":36,"column":24}},{"start":{"line":36,"column":28},"end":{"line":36,"column":78}}],"line":36}},"s":{"0":1,"1":14,"2":14,"3":14,"4":6,"5":14,"6":2,"7":2,"8":2,"9":2,"10":2,"11":1,"12":14},"f":{"0":14,"1":6,"2":2,"3":1},"b":{"0":[14,2]},"_coverageSchema":"1a1c01bbd47fc00a2c39e90264f33305004495a9","hash":"30bd862cb240d1b2d2393464fedc137a36e754fc"}
,"/home/tiwari/Downloads/Work Space/Namaste React/learn-react-by-namaste/src/components/Header.js": {"path":"/home/tiwari/Downloads/Work Space/Namaste React/learn-react-by-namaste/src/components/Header.js","statementMap":{"0":{"start":{"line":8,"column":15},"end":{"line":40,"column":1}},"1":{"start":{"line":9,"column":34},"end":{"line":9,"column":51}},"2":{"start":{"line":10,"column":4},"end":{"line":10,"column":35}},"3":{"start":{"line":12,"column":25},"end":{"line":12,"column":42}},"4":{"start":{"line":13,"column":27},"end":{"line":13,"column":50}},"5":{"start":{"line":16,"column":22},"end":{"line":16,"column":62}},"6":{"start":{"line":16,"column":45},"end":{"line":16,"column":61}},"7":{"start":{"line":17,"column":4},"end":{"line":17,"column":27}},"8":{"start":{"line":19,"column":4},"end":{"line":39,"column":5}},"9":{"start":{"line":33,"column":24},"end":{"line":33,"column":89}}},"fnMap":{"0":{"name":"(anonymous_0)","decl":{"start":{"line":8,"column":15},"end":{"line":8,"column":16}},"loc":{"start":{"line":8,"column":21},"end":{"line":40,"column":1}},"line":8},"1":{"name":"(anonymous_1)","decl":{"start":{"line":16,"column":34},"end":{"line":16,"column":35}},"loc":{"start":{"line":16,"column":45},"end":{"line":16,"column":61}},"line":16},"2":{"name":"(anonymous_2)","decl":{"start":{"line":32,"column":55},"end":{"line":32,"column":56}},"loc":{"start":{"line":32,"column":61},"end":{"line":34,"column":21}},"line":32}},"branchMap":{"0":{"loc":{"start":{"line":26,"column":40},"end":{"line":26,"column":65}},"type":"cond-expr","locations":[{"start":{"line":26,"column":55},"end":{"line":26,"column":58}},{"start":{"line":26,"column":61},"end":{"line":26,"column":65}}],"line":26},"1":{"loc":{"start":{"line":33,"column":24},"end":{"line":33,"column":88}},"type":"cond-expr","locations":[{"start":{"line":33,"column":46},"end":{"line":33,"column":66}},{"start":{"line":33,"column":69},"end":{"line":33,"column":88}}],"line":33}},"s":{"0":1,"1":6,"2":6,"3":6,"4":6,"5":6,"6":10,"7":6,"8":6,"9":2},"f":{"0":6,"1":10,"2":2},"b":{"0":[5,1],"1":[1,1]},"_coverageSchema":"1a1c01bbd47fc00a2c39e90264f33305004495a9","hash":"2d68fdd63194a776e0f72f19a1751965139b59a5"}
,"/home/tiwari/Downloads/Work Space/Namaste React/learn-react-by-namaste/src/components/sum.js": {"path":"/home/tiwari/Downloads/Work Space/Namaste React/learn-react-by-namaste/src/components/sum.js","statementMap":{"0":{"start":{"line":1,"column":19},"end":{"line":3,"column":1}},"1":{"start":{"line":2,"column":4},"end":{"line":2,"column":17}}},"fnMap":{"0":{"name":"(anonymous_0)","decl":{"start":{"line":1,"column":19},"end":{"line":1,"column":20}},"loc":{"start":{"line":1,"column":29},"end":{"line":3,"column":1}},"line":1}},"branchMap":{},"s":{"0":1,"1":1},"f":{"0":1},"b":{},"_coverageSchema":"1a1c01bbd47fc00a2c39e90264f33305004495a9","hash":"5a96d039266ccecf3ba4229f7718fc78b048cda4"}
,"/home/tiwari/Downloads/Work Space/Namaste React/learn-react-by-namaste/src/utils/UserContext.js": {"path":"/home/tiwari/Downloads/Work Space/Namaste React/learn-react-by-namaste/src/utils/UserContext.js","statementMap":{"0":{"start":{"line":3,"column":20},"end":{"line":5,"column":2}}},"fnMap":{},"branchMap":{},"s":{"0":1},"f":{},"b":{},"_coverageSchema":"1a1c01bbd47fc00a2c39e90264f33305004495a9","hash":"8306252b8763e53d3bf6f0c58ab010432c83e2de"}
,"/home/tiwari/Downloads/Work Space/Namaste React/learn-react-by-namaste/src/utils/cartSlice.js": {"path":"/home/tiwari/Downloads/Work Space/Namaste React/learn-react-by-namaste/src/utils/cartSlice.js","statementMap":{"0":{"start":{"line":4,"column":18},"end":{"line":21,"column":2}},"1":{"start":{"line":11,"column":12},"end":{"line":11,"column":45}},"2":{"start":{"line":14,"column":12},"end":{"line":14,"column":30}},"3":{"start":{"line":18,"column":12},"end":{"line":18,"column":33}},"4":{"start":{"line":23,"column":50},"end":{"line":23,"column":67}}},"fnMap":{"0":{"name":"(anonymous_0)","decl":{"start":{"line":10,"column":17},"end":{"line":10,"column":18}},"loc":{"start":{"line":10,"column":36},"end":{"line":12,"column":9}},"line":10},"1":{"name":"(anonymous_1)","decl":{"start":{"line":13,"column":20},"end":{"line":13,"column":21}},"loc":{"start":{"line":13,"column":31},"end":{"line":15,"column":9}},"line":13},"2":{"name":"(anonymous_2)","decl":{"start":{"line":16,"column":19},"end":{"line":16,"column":20}},"loc":{"start":{"line":16,"column":30},"end":{"line":19,"column":9}},"line":16}},"branchMap":{},"s":{"0":2,"1":1,"2":1,"3":1,"4":2},"f":{"0":1,"1":1,"2":1},"b":{},"_coverageSchema":"1a1c01bbd47fc00a2c39e90264f33305004495a9","hash":"71561b7146a53ee1971c30c21e63412fd2787837"}
,"/home/tiwari/Downloads/Work Space/Namaste React/learn-react-by-namaste/src/utils/constants.js": {"path":"/home/tiwari/Downloads/Work Space/Namaste React/learn-react-by-namaste/src/utils/constants.js","statementMap":{"0":{"start":{"line":1,"column":23},"end":{"line":1,"column":106}},"1":{"start":{"line":3,"column":24},"end":{"line":3,"column":89}},"2":{"start":{"line":5,"column":24},"end":{"line":5,"column":145}}},"fnMap":{},"branchMap":{},"s":{"0":1,"1":1,"2":1},"f":{},"b":{},"_coverageSchema":"1a1c01bbd47fc00a2c39e90264f33305004495a9","hash":"ae5cef822d999d108a01bafd3c7aa0a83c2b4912"}
}
